  MicroSynth.cpp
c:\users\thean\source\repos\simplesoundgenrationsandwhatnot\simplesoundgenrationsandwhatnot\microsynth.pch(37): warning C4091: 'static ': ignored on left of 'MusicTheory::ScaleDegree' when no variable is declared
c:\users\thean\source\repos\simplesoundgenrationsandwhatnot\simplesoundgenrationsandwhatnot\microsynth.cpp(169): warning C4244: 'argument': conversion from 'double' to 'const unsigned int', possible loss of data
c:\users\thean\source\repos\simplesoundgenrationsandwhatnot\simplesoundgenrationsandwhatnot\microsynth.cpp(241): warning C4018: '<': signed/unsigned mismatch
c:\users\thean\source\repos\simplesoundgenrationsandwhatnot\simplesoundgenrationsandwhatnot\microsynth.cpp(246): warning C4018: '<': signed/unsigned mismatch
c:\users\thean\source\repos\simplesoundgenrationsandwhatnot\simplesoundgenrationsandwhatnot\microsynth.cpp(247): warning C4018: '<': signed/unsigned mismatch
c:\users\thean\source\repos\simplesoundgenrationsandwhatnot\simplesoundgenrationsandwhatnot\microsynth.cpp(261): warning C4018: '<': signed/unsigned mismatch
c:\users\thean\source\repos\simplesoundgenrationsandwhatnot\simplesoundgenrationsandwhatnot\microsynth.cpp(262): warning C4018: '<': signed/unsigned mismatch
c:\users\thean\source\repos\simplesoundgenrationsandwhatnot\simplesoundgenrationsandwhatnot\microsynth.cpp(281): warning C4018: '<': signed/unsigned mismatch
c:\users\thean\source\repos\simplesoundgenrationsandwhatnot\simplesoundgenrationsandwhatnot\microsynth.cpp(291): warning C4244: 'return': conversion from 'double' to 'sf::Int16', possible loss of data
c:\users\thean\source\repos\simplesoundgenrationsandwhatnot\simplesoundgenrationsandwhatnot\microsynth.cpp(322): warning C4244: '=': conversion from 'double' to '_Ty', possible loss of data
          with
          [
              _Ty=sf::Int16
          ]
c:\users\thean\source\repos\simplesoundgenrationsandwhatnot\simplesoundgenrationsandwhatnot\microsynth.cpp(372): warning C4018: '<': signed/unsigned mismatch
c:\users\thean\source\repos\simplesoundgenrationsandwhatnot\simplesoundgenrationsandwhatnot\microsynth.cpp(403): warning C4018: '<': signed/unsigned mismatch
c:\users\thean\source\repos\simplesoundgenrationsandwhatnot\simplesoundgenrationsandwhatnot\microsynth.cpp(521): warning C4018: '<': signed/unsigned mismatch
  Generating code
  2 of 924 functions ( 0.2%) were compiled, the rest were copied from previous compilation.
    0 functions were new in current compilation
    0 functions had inline decision re-evaluated but remain unchanged
  Finished generating code
  SimpleSoundGenrationsAndWhatNot.vcxproj -> C:\Users\thean\source\repos\SimpleSoundGenrationsAndWhatNot\Release\SimpleSoundGenrationsAndWhatNot.exe
